2024-03-01T23:17:32:INFO: { "OS": "macOS", "video_adapter_driver_info": [], "screen_size": (2880, 1800), "screen_dpi": 256, "screen_scale": 2, "cores": 8, "locale": "en_US" }
2024-03-01T23:17:32:INFO: [step_commands: 0]
Godot Engine v4.2.stable.official.46dc27791 - https://godotengine.org
OpenGL API OpenGL ES 3.0.0 (ANGLE 2.1.21969 git hash: 9528449a8930) - Compatibility - Using Device: Google Inc. (Apple) - ANGLE (Apple, ANGLE Metal Renderer: Apple M1, Version 13.5.1 (Build 22G90))
 
--- Debugging process stopped ---

2024-03-01T23:18:45:INFO: [step_commands: 1]
Godot Engine v4.2.stable.official.46dc27791 - https://godotengine.org
OpenGL API OpenGL ES 3.0.0 (ANGLE 2.1.21969 git hash: 9528449a8930) - Compatibility - Using Device: Google Inc. (Apple) - ANGLE (Apple, ANGLE Metal Renderer: Apple M1, Version 13.5.1 (Build 22G90))
 
--- Debugging process stopped ---
  scene/gui/control.cpp:1440 - Nodes with non-equal opposite anchors will have their size overridden after _ready(). 
  If you want to set size, change the anchors or consider using set_deferred().

2024-03-01T23:18:49:INFO: [step_commands: 2]
Godot Engine v4.2.stable.official.46dc27791 - https://godotengine.org
OpenGL API OpenGL ES 3.0.0 (ANGLE 2.1.21969 git hash: 9528449a8930) - Compatibility - Using Device: Google Inc. (Apple) - ANGLE (Apple, ANGLE Metal Renderer: Apple M1, Version 13.5.1 (Build 22G90))
 
--- Debugging process stopped ---
  scene/gui/control.cpp:1440 - Nodes with non-equal opposite anchors will have their size overridden after _ready(). 
  If you want to set size, change the anchors or consider using set_deferred().
  scene/gui/control.cpp:1440 - Nodes with non-equal opposite anchors will have their size overridden after _ready(). 
  If you want to set size, change the anchors or consider using set_deferred().

2024-03-01T23:18:51:INFO: [step_commands: 3]
Godot Engine v4.2.stable.official.46dc27791 - https://godotengine.org
OpenGL API OpenGL ES 3.0.0 (ANGLE 2.1.21969 git hash: 9528449a8930) - Compatibility - Using Device: Google Inc. (Apple) - ANGLE (Apple, ANGLE Metal Renderer: Apple M1, Version 13.5.1 (Build 22G90))
 
--- Debugging process stopped ---
  scene/gui/control.cpp:1440 - Nodes with non-equal opposite anchors will have their size overridden after _ready(). 
  If you want to set size, change the anchors or consider using set_deferred().
  scene/gui/control.cpp:1440 - Nodes with non-equal opposite anchors will have their size overridden after _ready(). 
  If you want to set size, change the anchors or consider using set_deferred().
  scene/gui/control.cpp:1440 - Nodes with non-equal opposite anchors will have their size overridden after _ready(). 
  If you want to set size, change the anchors or consider using set_deferred().

2024-03-01T23:19:04:INFO: [step_commands: 4]
Godot Engine v4.2.stable.official.46dc27791 - https://godotengine.org
OpenGL API OpenGL ES 3.0.0 (ANGLE 2.1.21969 git hash: 9528449a8930) - Compatibility - Using Device: Google Inc. (Apple) - ANGLE (Apple, ANGLE Metal Renderer: Apple M1, Version 13.5.1 (Build 22G90))
 
--- Debugging process stopped ---
  scene/gui/control.cpp:1440 - Nodes with non-equal opposite anchors will have their size overridden after _ready(). 
  If you want to set size, change the anchors or consider using set_deferred().
  scene/gui/control.cpp:1440 - Nodes with non-equal opposite anchors will have their size overridden after _ready(). 
  If you want to set size, change the anchors or consider using set_deferred().
  scene/gui/control.cpp:1440 - Nodes with non-equal opposite anchors will have their size overridden after _ready(). 
  If you want to set size, change the anchors or consider using set_deferred().
  scene/gui/control.cpp:1440 - Nodes with non-equal opposite anchors will have their size overridden after _ready(). 
  If you want to set size, change the anchors or consider using set_deferred().
Create Node
Move CanvasItem "Chest" to (318, 927)

2024-03-01T23:19:11:INFO: [step_commands: 5]
Godot Engine v4.2.stable.official.46dc27791 - https://godotengine.org
OpenGL API OpenGL ES 3.0.0 (ANGLE 2.1.21969 git hash: 9528449a8930) - Compatibility - Using Device: Google Inc. (Apple) - ANGLE (Apple, ANGLE Metal Renderer: Apple M1, Version 13.5.1 (Build 22G90))
 
--- Debugging process stopped ---
  scene/gui/control.cpp:1440 - Nodes with non-equal opposite anchors will have their size overridden after _ready(). 
  If you want to set size, change the anchors or consider using set_deferred().
  scene/gui/control.cpp:1440 - Nodes with non-equal opposite anchors will have their size overridden after _ready(). 
  If you want to set size, change the anchors or consider using set_deferred().
  scene/gui/control.cpp:1440 - Nodes with non-equal opposite anchors will have their size overridden after _ready(). 
  If you want to set size, change the anchors or consider using set_deferred().
  scene/gui/control.cpp:1440 - Nodes with non-equal opposite anchors will have their size overridden after _ready(). 
  If you want to set size, change the anchors or consider using set_deferred().
Create Node
Move CanvasItem "Chest" to (318, 927)
  scene/gui/control.cpp:1440 - Nodes with non-equal opposite anchors will have their size overridden after _ready(). 
  If you want to set size, change the anchors or consider using set_deferred().

2024-03-01T23:19:15:INFO: [step_commands: 6]
Godot Engine v4.2.stable.official.46dc27791 - https://godotengine.org
OpenGL API OpenGL ES 3.0.0 (ANGLE 2.1.21969 git hash: 9528449a8930) - Compatibility - Using Device: Google Inc. (Apple) - ANGLE (Apple, ANGLE Metal Renderer: Apple M1, Version 13.5.1 (Build 22G90))
 
--- Debugging process stopped ---
  scene/gui/control.cpp:1440 - Nodes with non-equal opposite anchors will have their size overridden after _ready(). 
  If you want to set size, change the anchors or consider using set_deferred().
  scene/gui/control.cpp:1440 - Nodes with non-equal opposite anchors will have their size overridden after _ready(). 
  If you want to set size, change the anchors or consider using set_deferred().
  scene/gui/control.cpp:1440 - Nodes with non-equal opposite anchors will have their size overridden after _ready(). 
  If you want to set size, change the anchors or consider using set_deferred().
  scene/gui/control.cpp:1440 - Nodes with non-equal opposite anchors will have their size overridden after _ready(). 
  If you want to set size, change the anchors or consider using set_deferred().
Create Node
Move CanvasItem "Chest" to (318, 927)
  scene/gui/control.cpp:1440 - Nodes with non-equal opposite anchors will have their size overridden after _ready(). 
  If you want to set size, change the anchors or consider using set_deferred().
  scene/gui/control.cpp:1440 - Nodes with non-equal opposite anchors will have their size overridden after _ready(). 
  If you want to set size, change the anchors or consider using set_deferred().

2024-03-01T23:19:25:INFO: [step_commands: 7]
Godot Engine v4.2.stable.official.46dc27791 - https://godotengine.org
OpenGL API OpenGL ES 3.0.0 (ANGLE 2.1.21969 git hash: 9528449a8930) - Compatibility - Using Device: Google Inc. (Apple) - ANGLE (Apple, ANGLE Metal Renderer: Apple M1, Version 13.5.1 (Build 22G90))
 
--- Debugging process stopped ---

2024-03-01T23:19:31:INFO: [step_commands: 8]
Godot Engine v4.2.stable.official.46dc27791 - https://godotengine.org
OpenGL API OpenGL ES 3.0.0 (ANGLE 2.1.21969 git hash: 9528449a8930) - Compatibility - Using Device: Google Inc. (Apple) - ANGLE (Apple, ANGLE Metal Renderer: Apple M1, Version 13.5.1 (Build 22G90))
 
--- Debugging process stopped ---
  scene/gui/control.cpp:1440 - Nodes with non-equal opposite anchors will have their size overridden after _ready(). 
  If you want to set size, change the anchors or consider using set_deferred().

2024-03-01T23:19:34:INFO: [step_commands: 9]
Godot Engine v4.2.stable.official.46dc27791 - https://godotengine.org
OpenGL API OpenGL ES 3.0.0 (ANGLE 2.1.21969 git hash: 9528449a8930) - Compatibility - Using Device: Google Inc. (Apple) - ANGLE (Apple, ANGLE Metal Renderer: Apple M1, Version 13.5.1 (Build 22G90))
 
--- Debugging process stopped ---
  scene/gui/control.cpp:1440 - Nodes with non-equal opposite anchors will have their size overridden after _ready(). 
  If you want to set size, change the anchors or consider using set_deferred().
  scene/gui/control.cpp:1440 - Nodes with non-equal opposite anchors will have their size overridden after _ready(). 
  If you want to set size, change the anchors or consider using set_deferred().
Start:<Node2D#9377373294709>
Start:<Node2D#9377373294709>
Start:<Node2D#9377373294709>
Start:<Node2D#9377373294709>
Start:<Node2D#9377373294709>
Start:<Node2D#9377373294709>
Start:<Node2D#9377373294709>
Start:<Node2D#9377373294709>
Start:<Node2D#9377373294709>
Start:<Node2D#9377373294709>
Start:<Node2D#9377373294709>
Start:<Node2D#9377373294709>
Start:<Node2D#9377373294709>
Start:<Node2D#9377373294709>
Start:<Node2D#9377373294709>
Start:<Node2D#9377373294709>
Start:<Node2D#9377373294709>
Start:<Node2D#9377373294709>
Start:<Node2D#9377373294709>
Start:<Node2D#9377373294709>
Start:<Node2D#9377373294709>
Start:<Node2D#9377373294709>
Start:<Node2D#9377373294709>
Start:<Node2D#9377373294709>
Start:<Node2D#9377373294709>
Start:<Node2D#9377373294709>
Start:<Node2D#9377373294709>
Start:<Node2D#9377373294709>
Start:<Node2D#9377373294709>
Start:<Node2D#9377373294709>
Chest:<Area2D#9693271490133>
Chest:<Area2D#9693271490133>
Chest:<Area2D#9693271490133>
Chest:<Area2D#9693271490133>
Chest:<Area2D#9693271490133>
Chest:<Area2D#9693271490133>
Chest:<Area2D#9693271490133>
Chest:<Area2D#9693271490133>
Chest:<Area2D#9693271490133>
Chest:<Area2D#9693271490133>
Chest:<Area2D#9693271490133>
Chest:<Area2D#9693271490133>
Chest:<Area2D#9693271490133>
Chest:<Area2D#9693271490133>
Chest:<Area2D#9693271490133>
Chest:<Area2D#9693271490133>
Chest:<Area2D#9693271490133>
Chest:<Area2D#9693271490133>
Chest:<Area2D#9693271490133>
Chest:<Area2D#9693271490133>
Chest:<Area2D#9693271490133>
Chest:<Area2D#9693271490133>
Chest:<Area2D#9693271490133>
Chest:<Area2D#9693271490133>
Chest:<Area2D#9693271490133>
Chest:<Area2D#9693271490133>
Chest:<Area2D#9693271490133>
Chest:<Area2D#9693271490133>
Chest:<Area2D#9693271490133>
Chest:<Area2D#9693271490133>
Chest:<Area2D#9693271490133>
Chest:<Area2D#9693271490133>
Chest:<Area2D#9693271490133>
Chest:<Area2D#9693271490133>
Chest:<Area2D#9693271490133>

2024-03-01T23:19:37:INFO: [step_commands: 10]
Godot Engine v4.2.stable.official.46dc27791 - https://godotengine.org
OpenGL API OpenGL ES 3.0.0 (ANGLE 2.1.21969 git hash: 9528449a8930) - Compatibility - Using Device: Google Inc. (Apple) - ANGLE (Apple, ANGLE Metal Renderer: Apple M1, Version 13.5.1 (Build 22G90))
 
--- Debugging process stopped ---
  scene/gui/control.cpp:1440 - Nodes with non-equal opposite anchors will have their size overridden after _ready(). 
  If you want to set size, change the anchors or consider using set_deferred().
  scene/gui/control.cpp:1440 - Nodes with non-equal opposite anchors will have their size overridden after _ready(). 
  If you want to set size, change the anchors or consider using set_deferred().
Start:<Node2D#9377373294709>
Start:<Node2D#9377373294709>
Start:<Node2D#9377373294709>
Start:<Node2D#9377373294709>
Start:<Node2D#9377373294709>
Start:<Node2D#9377373294709>
Start:<Node2D#9377373294709>
Start:<Node2D#9377373294709>
Start:<Node2D#9377373294709>
Start:<Node2D#9377373294709>
Start:<Node2D#9377373294709>
Start:<Node2D#9377373294709>
Start:<Node2D#9377373294709>
Start:<Node2D#9377373294709>
Start:<Node2D#9377373294709>
Start:<Node2D#9377373294709>
Start:<Node2D#9377373294709>
Start:<Node2D#9377373294709>
Start:<Node2D#9377373294709>
Start:<Node2D#9377373294709>
Start:<Node2D#9377373294709>
Start:<Node2D#9377373294709>
Start:<Node2D#9377373294709>
Start:<Node2D#9377373294709>
Start:<Node2D#9377373294709>
Start:<Node2D#9377373294709>
Start:<Node2D#9377373294709>
Start:<Node2D#9377373294709>
Start:<Node2D#9377373294709>
Start:<Node2D#9377373294709>
Chest:<Area2D#9693271490133>
Chest:<Area2D#9693271490133>
Chest:<Area2D#9693271490133>
Chest:<Area2D#9693271490133>
Chest:<Area2D#9693271490133>
Chest:<Area2D#9693271490133>
Chest:<Area2D#9693271490133>
Chest:<Area2D#9693271490133>
Chest:<Area2D#9693271490133>
Chest:<Area2D#9693271490133>
Chest:<Area2D#9693271490133>
Chest:<Area2D#9693271490133>
Chest:<Area2D#9693271490133>
Chest:<Area2D#9693271490133>
Chest:<Area2D#9693271490133>
Chest:<Area2D#9693271490133>
Chest:<Area2D#9693271490133>
Chest:<Area2D#9693271490133>
Chest:<Area2D#9693271490133>
Chest:<Area2D#9693271490133>
Chest:<Area2D#9693271490133>
Chest:<Area2D#9693271490133>
Chest:<Area2D#9693271490133>
Chest:<Area2D#9693271490133>
Chest:<Area2D#9693271490133>
Chest:<Area2D#9693271490133>
Chest:<Area2D#9693271490133>
Chest:<Area2D#9693271490133>
Chest:<Area2D#9693271490133>
Chest:<Area2D#9693271490133>
Chest:<Area2D#9693271490133>
Chest:<Area2D#9693271490133>
Chest:<Area2D#9693271490133>
Chest:<Area2D#9693271490133>
Chest:<Area2D#9693271490133>
  scene/gui/control.cpp:1440 - Nodes with non-equal opposite anchors will have their size overridden after _ready(). 
  If you want to set size, change the anchors or consider using set_deferred().

2024-03-01T23:19:40:INFO: [step_commands: 11]
Godot Engine v4.2.stable.official.46dc27791 - https://godotengine.org
OpenGL API OpenGL ES 3.0.0 (ANGLE 2.1.21969 git hash: 9528449a8930) - Compatibility - Using Device: Google Inc. (Apple) - ANGLE (Apple, ANGLE Metal Renderer: Apple M1, Version 13.5.1 (Build 22G90))
 
--- Debugging process stopped ---
  scene/gui/control.cpp:1440 - Nodes with non-equal opposite anchors will have their size overridden after _ready(). 
  If you want to set size, change the anchors or consider using set_deferred().
  scene/gui/control.cpp:1440 - Nodes with non-equal opposite anchors will have their size overridden after _ready(). 
  If you want to set size, change the anchors or consider using set_deferred().
Start:<Node2D#9377373294709>
Start:<Node2D#9377373294709>
Start:<Node2D#9377373294709>
Start:<Node2D#9377373294709>
Start:<Node2D#9377373294709>
Start:<Node2D#9377373294709>
Start:<Node2D#9377373294709>
Start:<Node2D#9377373294709>
Start:<Node2D#9377373294709>
Start:<Node2D#9377373294709>
Start:<Node2D#9377373294709>
Start:<Node2D#9377373294709>
Start:<Node2D#9377373294709>
Start:<Node2D#9377373294709>
Start:<Node2D#9377373294709>
Start:<Node2D#9377373294709>
Start:<Node2D#9377373294709>
Start:<Node2D#9377373294709>
Start:<Node2D#9377373294709>
Start:<Node2D#9377373294709>
Start:<Node2D#9377373294709>
Start:<Node2D#9377373294709>
Start:<Node2D#9377373294709>
Start:<Node2D#9377373294709>
Start:<Node2D#9377373294709>
Start:<Node2D#9377373294709>
Start:<Node2D#9377373294709>
Start:<Node2D#9377373294709>
Start:<Node2D#9377373294709>
Start:<Node2D#9377373294709>
Chest:<Area2D#9693271490133>
Chest:<Area2D#9693271490133>
Chest:<Area2D#9693271490133>
Chest:<Area2D#9693271490133>
Chest:<Area2D#9693271490133>
Chest:<Area2D#9693271490133>
Chest:<Area2D#9693271490133>
Chest:<Area2D#9693271490133>
Chest:<Area2D#9693271490133>
Chest:<Area2D#9693271490133>
Chest:<Area2D#9693271490133>
Chest:<Area2D#9693271490133>
Chest:<Area2D#9693271490133>
Chest:<Area2D#9693271490133>
Chest:<Area2D#9693271490133>
Chest:<Area2D#9693271490133>
Chest:<Area2D#9693271490133>
Chest:<Area2D#9693271490133>
Chest:<Area2D#9693271490133>
Chest:<Area2D#9693271490133>
Chest:<Area2D#9693271490133>
Chest:<Area2D#9693271490133>
Chest:<Area2D#9693271490133>
Chest:<Area2D#9693271490133>
Chest:<Area2D#9693271490133>
Chest:<Area2D#9693271490133>
Chest:<Area2D#9693271490133>
Chest:<Area2D#9693271490133>
Chest:<Area2D#9693271490133>
Chest:<Area2D#9693271490133>
Chest:<Area2D#9693271490133>
Chest:<Area2D#9693271490133>
Chest:<Area2D#9693271490133>
Chest:<Area2D#9693271490133>
Chest:<Area2D#9693271490133>
  scene/gui/control.cpp:1440 - Nodes with non-equal opposite anchors will have their size overridden after _ready(). 
  If you want to set size, change the anchors or consider using set_deferred().
  scene/gui/control.cpp:1440 - Nodes with non-equal opposite anchors will have their size overridden after _ready(). 
  If you want to set size, change the anchors or consider using set_deferred().

2024-03-01T23:19:49:INFO: [step_commands: 12]
Godot Engine v4.2.stable.official.46dc27791 - https://godotengine.org
OpenGL API OpenGL ES 3.0.0 (ANGLE 2.1.21969 git hash: 9528449a8930) - Compatibility - Using Device: Google Inc. (Apple) - ANGLE (Apple, ANGLE Metal Renderer: Apple M1, Version 13.5.1 (Build 22G90))
 
--- Debugging process stopped ---
  scene/gui/control.cpp:1440 - Nodes with non-equal opposite anchors will have their size overridden after _ready(). 
  If you want to set size, change the anchors or consider using set_deferred().
  scene/gui/control.cpp:1440 - Nodes with non-equal opposite anchors will have their size overridden after _ready(). 
  If you want to set size, change the anchors or consider using set_deferred().
Start:<Node2D#9377373294709>
Start:<Node2D#9377373294709>
Start:<Node2D#9377373294709>
Start:<Node2D#9377373294709>
Start:<Node2D#9377373294709>
Start:<Node2D#9377373294709>
Start:<Node2D#9377373294709>
Start:<Node2D#9377373294709>
Start:<Node2D#9377373294709>
Start:<Node2D#9377373294709>
Start:<Node2D#9377373294709>
Start:<Node2D#9377373294709>
Start:<Node2D#9377373294709>
Start:<Node2D#9377373294709>
Start:<Node2D#9377373294709>
Start:<Node2D#9377373294709>
Start:<Node2D#9377373294709>
Start:<Node2D#9377373294709>
Start:<Node2D#9377373294709>
Start:<Node2D#9377373294709>
Start:<Node2D#9377373294709>
Start:<Node2D#9377373294709>
Start:<Node2D#9377373294709>
Start:<Node2D#9377373294709>
Start:<Node2D#9377373294709>
Start:<Node2D#9377373294709>
Start:<Node2D#9377373294709>
Start:<Node2D#9377373294709>
Start:<Node2D#9377373294709>
Start:<Node2D#9377373294709>
Chest:<Area2D#9693271490133>
Chest:<Area2D#9693271490133>
Chest:<Area2D#9693271490133>
Chest:<Area2D#9693271490133>
Chest:<Area2D#9693271490133>
Chest:<Area2D#9693271490133>
Chest:<Area2D#9693271490133>
Chest:<Area2D#9693271490133>
Chest:<Area2D#9693271490133>
Chest:<Area2D#9693271490133>
Chest:<Area2D#9693271490133>
Chest:<Area2D#9693271490133>
Chest:<Area2D#9693271490133>
Chest:<Area2D#9693271490133>
Chest:<Area2D#9693271490133>
Chest:<Area2D#9693271490133>
Chest:<Area2D#9693271490133>
Chest:<Area2D#9693271490133>
Chest:<Area2D#9693271490133>
Chest:<Area2D#9693271490133>
Chest:<Area2D#9693271490133>
Chest:<Area2D#9693271490133>
Chest:<Area2D#9693271490133>
Chest:<Area2D#9693271490133>
Chest:<Area2D#9693271490133>
Chest:<Area2D#9693271490133>
Chest:<Area2D#9693271490133>
Chest:<Area2D#9693271490133>
Chest:<Area2D#9693271490133>
Chest:<Area2D#9693271490133>
Chest:<Area2D#9693271490133>
Chest:<Area2D#9693271490133>
Chest:<Area2D#9693271490133>
Chest:<Area2D#9693271490133>
Chest:<Area2D#9693271490133>
  scene/gui/control.cpp:1440 - Nodes with non-equal opposite anchors will have their size overridden after _ready(). 
  If you want to set size, change the anchors or consider using set_deferred().
  scene/gui/control.cpp:1440 - Nodes with non-equal opposite anchors will have their size overridden after _ready(). 
  If you want to set size, change the anchors or consider using set_deferred().
  scene/gui/control.cpp:1440 - Nodes with non-equal opposite anchors will have their size overridden after _ready(). 
  If you want to set size, change the anchors or consider using set_deferred().

2024-03-01T23:19:57:INFO: [step_commands: 13]
Godot Engine v4.2.stable.official.46dc27791 - https://godotengine.org
OpenGL API OpenGL ES 3.0.0 (ANGLE 2.1.21969 git hash: 9528449a8930) - Compatibility - Using Device: Google Inc. (Apple) - ANGLE (Apple, ANGLE Metal Renderer: Apple M1, Version 13.5.1 (Build 22G90))
 
--- Debugging process stopped ---
  scene/gui/control.cpp:1440 - Nodes with non-equal opposite anchors will have their size overridden after _ready(). 
  If you want to set size, change the anchors or consider using set_deferred().
  scene/gui/control.cpp:1440 - Nodes with non-equal opposite anchors will have their size overridden after _ready(). 
  If you want to set size, change the anchors or consider using set_deferred().
Start:<Node2D#9377373294709>
Start:<Node2D#9377373294709>
Start:<Node2D#9377373294709>
Start:<Node2D#9377373294709>
Start:<Node2D#9377373294709>
Start:<Node2D#9377373294709>
Start:<Node2D#9377373294709>
Start:<Node2D#9377373294709>
Start:<Node2D#9377373294709>
Start:<Node2D#9377373294709>
Start:<Node2D#9377373294709>
Start:<Node2D#9377373294709>
Start:<Node2D#9377373294709>
Start:<Node2D#9377373294709>
Start:<Node2D#9377373294709>
Start:<Node2D#9377373294709>
Start:<Node2D#9377373294709>
Start:<Node2D#9377373294709>
Start:<Node2D#9377373294709>
Start:<Node2D#9377373294709>
Start:<Node2D#9377373294709>
Start:<Node2D#9377373294709>
Start:<Node2D#9377373294709>
Start:<Node2D#9377373294709>
Start:<Node2D#9377373294709>
Start:<Node2D#9377373294709>
Start:<Node2D#9377373294709>
Start:<Node2D#9377373294709>
Start:<Node2D#9377373294709>
Start:<Node2D#9377373294709>
Chest:<Area2D#9693271490133>
Chest:<Area2D#9693271490133>
Chest:<Area2D#9693271490133>
Chest:<Area2D#9693271490133>
Chest:<Area2D#9693271490133>
Chest:<Area2D#9693271490133>
Chest:<Area2D#9693271490133>
Chest:<Area2D#9693271490133>
Chest:<Area2D#9693271490133>
Chest:<Area2D#9693271490133>
Chest:<Area2D#9693271490133>
Chest:<Area2D#9693271490133>
Chest:<Area2D#9693271490133>
Chest:<Area2D#9693271490133>
Chest:<Area2D#9693271490133>
Chest:<Area2D#9693271490133>
Chest:<Area2D#9693271490133>
Chest:<Area2D#9693271490133>
Chest:<Area2D#9693271490133>
Chest:<Area2D#9693271490133>
Chest:<Area2D#9693271490133>
Chest:<Area2D#9693271490133>
Chest:<Area2D#9693271490133>
Chest:<Area2D#9693271490133>
Chest:<Area2D#9693271490133>
Chest:<Area2D#9693271490133>
Chest:<Area2D#9693271490133>
Chest:<Area2D#9693271490133>
Chest:<Area2D#9693271490133>
Chest:<Area2D#9693271490133>
Chest:<Area2D#9693271490133>
Chest:<Area2D#9693271490133>
Chest:<Area2D#9693271490133>
Chest:<Area2D#9693271490133>
Chest:<Area2D#9693271490133>
  scene/gui/control.cpp:1440 - Nodes with non-equal opposite anchors will have their size overridden after _ready(). 
  If you want to set size, change the anchors or consider using set_deferred().
  scene/gui/control.cpp:1440 - Nodes with non-equal opposite anchors will have their size overridden after _ready(). 
  If you want to set size, change the anchors or consider using set_deferred().
  scene/gui/control.cpp:1440 - Nodes with non-equal opposite anchors will have their size overridden after _ready(). 
  If you want to set size, change the anchors or consider using set_deferred().
  scene/gui/control.cpp:1440 - Nodes with non-equal opposite anchors will have their size overridden after _ready(). 
  If you want to set size, change the anchors or consider using set_deferred().

2024-03-01T23:20:00:INFO: [step_commands: 14]
Godot Engine v4.2.stable.official.46dc27791 - https://godotengine.org
OpenGL API OpenGL ES 3.0.0 (ANGLE 2.1.21969 git hash: 9528449a8930) - Compatibility - Using Device: Google Inc. (Apple) - ANGLE (Apple, ANGLE Metal Renderer: Apple M1, Version 13.5.1 (Build 22G90))
 
--- Debugging process stopped ---
  scene/gui/control.cpp:1440 - Nodes with non-equal opposite anchors will have their size overridden after _ready(). 
  If you want to set size, change the anchors or consider using set_deferred().
  scene/gui/control.cpp:1440 - Nodes with non-equal opposite anchors will have their size overridden after _ready(). 
  If you want to set size, change the anchors or consider using set_deferred().
Start:<Node2D#9377373294709>
Start:<Node2D#9377373294709>
Start:<Node2D#9377373294709>
Start:<Node2D#9377373294709>
Start:<Node2D#9377373294709>
Start:<Node2D#9377373294709>
Start:<Node2D#9377373294709>
Start:<Node2D#9377373294709>
Start:<Node2D#9377373294709>
Start:<Node2D#9377373294709>
Start:<Node2D#9377373294709>
Start:<Node2D#9377373294709>
Start:<Node2D#9377373294709>
Start:<Node2D#9377373294709>
Start:<Node2D#9377373294709>
Start:<Node2D#9377373294709>
Start:<Node2D#9377373294709>
Start:<Node2D#9377373294709>
Start:<Node2D#9377373294709>
Start:<Node2D#9377373294709>
Start:<Node2D#9377373294709>
Start:<Node2D#9377373294709>
Start:<Node2D#9377373294709>
Start:<Node2D#9377373294709>
Start:<Node2D#9377373294709>
Start:<Node2D#9377373294709>
Start:<Node2D#9377373294709>
Start:<Node2D#9377373294709>
Start:<Node2D#9377373294709>
Start:<Node2D#9377373294709>
Chest:<Area2D#9693271490133>
Chest:<Area2D#9693271490133>
Chest:<Area2D#9693271490133>
Chest:<Area2D#9693271490133>
Chest:<Area2D#9693271490133>
Chest:<Area2D#9693271490133>
Chest:<Area2D#9693271490133>
Chest:<Area2D#9693271490133>
Chest:<Area2D#9693271490133>
Chest:<Area2D#9693271490133>
Chest:<Area2D#9693271490133>
Chest:<Area2D#9693271490133>
Chest:<Area2D#9693271490133>
Chest:<Area2D#9693271490133>
Chest:<Area2D#9693271490133>
Chest:<Area2D#9693271490133>
Chest:<Area2D#9693271490133>
Chest:<Area2D#9693271490133>
Chest:<Area2D#9693271490133>
Chest:<Area2D#9693271490133>
Chest:<Area2D#9693271490133>
Chest:<Area2D#9693271490133>
Chest:<Area2D#9693271490133>
Chest:<Area2D#9693271490133>
Chest:<Area2D#9693271490133>
Chest:<Area2D#9693271490133>
Chest:<Area2D#9693271490133>
Chest:<Area2D#9693271490133>
Chest:<Area2D#9693271490133>
Chest:<Area2D#9693271490133>
Chest:<Area2D#9693271490133>
Chest:<Area2D#9693271490133>
Chest:<Area2D#9693271490133>
Chest:<Area2D#9693271490133>
Chest:<Area2D#9693271490133>
  scene/gui/control.cpp:1440 - Nodes with non-equal opposite anchors will have their size overridden after _ready(). 
  If you want to set size, change the anchors or consider using set_deferred().
  scene/gui/control.cpp:1440 - Nodes with non-equal opposite anchors will have their size overridden after _ready(). 
  If you want to set size, change the anchors or consider using set_deferred().
  scene/gui/control.cpp:1440 - Nodes with non-equal opposite anchors will have their size overridden after _ready(). 
  If you want to set size, change the anchors or consider using set_deferred().
  scene/gui/control.cpp:1440 - Nodes with non-equal opposite anchors will have their size overridden after _ready(). 
  If you want to set size, change the anchors or consider using set_deferred().
  scene/gui/control.cpp:1440 - Nodes with non-equal opposite anchors will have their size overridden after _ready(). 
  If you want to set size, change the anchors or consider using set_deferred().

2024-03-01T23:20:04:INFO: [step_commands: 15]
Godot Engine v4.2.stable.official.46dc27791 - https://godotengine.org
OpenGL API OpenGL ES 3.0.0 (ANGLE 2.1.21969 git hash: 9528449a8930) - Compatibility - Using Device: Google Inc. (Apple) - ANGLE (Apple, ANGLE Metal Renderer: Apple M1, Version 13.5.1 (Build 22G90))
 
--- Debugging process stopped ---
  scene/gui/control.cpp:1440 - Nodes with non-equal opposite anchors will have their size overridden after _ready(). 
  If you want to set size, change the anchors or consider using set_deferred().
  scene/gui/control.cpp:1440 - Nodes with non-equal opposite anchors will have their size overridden after _ready(). 
  If you want to set size, change the anchors or consider using set_deferred().
Start:<Node2D#9377373294709>
Start:<Node2D#9377373294709>
Start:<Node2D#9377373294709>
Start:<Node2D#9377373294709>
Start:<Node2D#9377373294709>
Start:<Node2D#9377373294709>
Start:<Node2D#9377373294709>
Start:<Node2D#9377373294709>
Start:<Node2D#9377373294709>
Start:<Node2D#9377373294709>
Start:<Node2D#9377373294709>
Start:<Node2D#9377373294709>
Start:<Node2D#9377373294709>
Start:<Node2D#9377373294709>
Start:<Node2D#9377373294709>
Start:<Node2D#9377373294709>
Start:<Node2D#9377373294709>
Start:<Node2D#9377373294709>
Start:<Node2D#9377373294709>
Start:<Node2D#9377373294709>
Start:<Node2D#9377373294709>
Start:<Node2D#9377373294709>
Start:<Node2D#9377373294709>
Start:<Node2D#9377373294709>
Start:<Node2D#9377373294709>
Start:<Node2D#9377373294709>
Start:<Node2D#9377373294709>
Start:<Node2D#9377373294709>
Start:<Node2D#9377373294709>
Start:<Node2D#9377373294709>
Chest:<Area2D#9693271490133>
Chest:<Area2D#9693271490133>
Chest:<Area2D#9693271490133>
Chest:<Area2D#9693271490133>
Chest:<Area2D#9693271490133>
Chest:<Area2D#9693271490133>
Chest:<Area2D#9693271490133>
Chest:<Area2D#9693271490133>
Chest:<Area2D#9693271490133>
Chest:<Area2D#9693271490133>
Chest:<Area2D#9693271490133>
Chest:<Area2D#9693271490133>
Chest:<Area2D#9693271490133>
Chest:<Area2D#9693271490133>
Chest:<Area2D#9693271490133>
Chest:<Area2D#9693271490133>
Chest:<Area2D#9693271490133>
Chest:<Area2D#9693271490133>
Chest:<Area2D#9693271490133>
Chest:<Area2D#9693271490133>
Chest:<Area2D#9693271490133>
Chest:<Area2D#9693271490133>
Chest:<Area2D#9693271490133>
Chest:<Area2D#9693271490133>
Chest:<Area2D#9693271490133>
Chest:<Area2D#9693271490133>
Chest:<Area2D#9693271490133>
Chest:<Area2D#9693271490133>
Chest:<Area2D#9693271490133>
Chest:<Area2D#9693271490133>
Chest:<Area2D#9693271490133>
Chest:<Area2D#9693271490133>
Chest:<Area2D#9693271490133>
Chest:<Area2D#9693271490133>
Chest:<Area2D#9693271490133>
  scene/gui/control.cpp:1440 - Nodes with non-equal opposite anchors will have their size overridden after _ready(). 
  If you want to set size, change the anchors or consider using set_deferred().
  scene/gui/control.cpp:1440 - Nodes with non-equal opposite anchors will have their size overridden after _ready(). 
  If you want to set size, change the anchors or consider using set_deferred().
  scene/gui/control.cpp:1440 - Nodes with non-equal opposite anchors will have their size overridden after _ready(). 
  If you want to set size, change the anchors or consider using set_deferred().
  scene/gui/control.cpp:1440 - Nodes with non-equal opposite anchors will have their size overridden after _ready(). 
  If you want to set size, change the anchors or consider using set_deferred().
  scene/gui/control.cpp:1440 - Nodes with non-equal opposite anchors will have their size overridden after _ready(). 
  If you want to set size, change the anchors or consider using set_deferred().
  scene/gui/control.cpp:1440 - Nodes with non-equal opposite anchors will have their size overridden after _ready(). 
  If you want to set size, change the anchors or consider using set_deferred().

2024-03-01T23:22:27:INFO: [step_commands: 16]
Godot Engine v4.2.stable.official.46dc27791 - https://godotengine.org
OpenGL API OpenGL ES 3.0.0 (ANGLE 2.1.21969 git hash: 9528449a8930) - Compatibility - Using Device: Google Inc. (Apple) - ANGLE (Apple, ANGLE Metal Renderer: Apple M1, Version 13.5.1 (Build 22G90))
 
--- Debugging process stopped ---
  scene/gui/control.cpp:1440 - Nodes with non-equal opposite anchors will have their size overridden after _ready(). 
  If you want to set size, change the anchors or consider using set_deferred().
  scene/gui/control.cpp:1440 - Nodes with non-equal opposite anchors will have their size overridden after _ready(). 
  If you want to set size, change the anchors or consider using set_deferred().
Start:<Node2D#9377373294709>
Start:<Node2D#9377373294709>
Start:<Node2D#9377373294709>
Start:<Node2D#9377373294709>
Start:<Node2D#9377373294709>
Start:<Node2D#9377373294709>
Start:<Node2D#9377373294709>
Start:<Node2D#9377373294709>
Start:<Node2D#9377373294709>
Start:<Node2D#9377373294709>
Start:<Node2D#9377373294709>
Start:<Node2D#9377373294709>
Start:<Node2D#9377373294709>
Start:<Node2D#9377373294709>
Start:<Node2D#9377373294709>
Start:<Node2D#9377373294709>
Start:<Node2D#9377373294709>
Start:<Node2D#9377373294709>
Start:<Node2D#9377373294709>
Start:<Node2D#9377373294709>
Start:<Node2D#9377373294709>
Start:<Node2D#9377373294709>
Start:<Node2D#9377373294709>
Start:<Node2D#9377373294709>
Start:<Node2D#9377373294709>
Start:<Node2D#9377373294709>
Start:<Node2D#9377373294709>
Start:<Node2D#9377373294709>
Start:<Node2D#9377373294709>
Start:<Node2D#9377373294709>
Chest:<Area2D#9693271490133>
Chest:<Area2D#9693271490133>
Chest:<Area2D#9693271490133>
Chest:<Area2D#9693271490133>
Chest:<Area2D#9693271490133>
Chest:<Area2D#9693271490133>
Chest:<Area2D#9693271490133>
Chest:<Area2D#9693271490133>
Chest:<Area2D#9693271490133>
Chest:<Area2D#9693271490133>
Chest:<Area2D#9693271490133>
Chest:<Area2D#9693271490133>
Chest:<Area2D#9693271490133>
Chest:<Area2D#9693271490133>
Chest:<Area2D#9693271490133>
Chest:<Area2D#9693271490133>
Chest:<Area2D#9693271490133>
Chest:<Area2D#9693271490133>
Chest:<Area2D#9693271490133>
Chest:<Area2D#9693271490133>
Chest:<Area2D#9693271490133>
Chest:<Area2D#9693271490133>
Chest:<Area2D#9693271490133>
Chest:<Area2D#9693271490133>
Chest:<Area2D#9693271490133>
Chest:<Area2D#9693271490133>
Chest:<Area2D#9693271490133>
Chest:<Area2D#9693271490133>
Chest:<Area2D#9693271490133>
Chest:<Area2D#9693271490133>
Chest:<Area2D#9693271490133>
Chest:<Area2D#9693271490133>
Chest:<Area2D#9693271490133>
Chest:<Area2D#9693271490133>
Chest:<Area2D#9693271490133>
  scene/gui/control.cpp:1440 - Nodes with non-equal opposite anchors will have their size overridden after _ready(). 
  If you want to set size, change the anchors or consider using set_deferred().
  scene/gui/control.cpp:1440 - Nodes with non-equal opposite anchors will have their size overridden after _ready(). 
  If you want to set size, change the anchors or consider using set_deferred().
  scene/gui/control.cpp:1440 - Nodes with non-equal opposite anchors will have their size overridden after _ready(). 
  If you want to set size, change the anchors or consider using set_deferred().
  scene/gui/control.cpp:1440 - Nodes with non-equal opposite anchors will have their size overridden after _ready(). 
  If you want to set size, change the anchors or consider using set_deferred().
  scene/gui/control.cpp:1440 - Nodes with non-equal opposite anchors will have their size overridden after _ready(). 
  If you want to set size, change the anchors or consider using set_deferred().
  scene/gui/control.cpp:1440 - Nodes with non-equal opposite anchors will have their size overridden after _ready(). 
  If you want to set size, change the anchors or consider using set_deferred().
  scene/gui/control.cpp:1440 - Nodes with non-equal opposite anchors will have their size overridden after _ready(). 
  If you want to set size, change the anchors or consider using set_deferred().

2024-03-01T23:22:31:INFO: [step_commands: 17]
Godot Engine v4.2.stable.official.46dc27791 - https://godotengine.org
OpenGL API OpenGL ES 3.0.0 (ANGLE 2.1.21969 git hash: 9528449a8930) - Compatibility - Using Device: Google Inc. (Apple) - ANGLE (Apple, ANGLE Metal Renderer: Apple M1, Version 13.5.1 (Build 22G90))
 
--- Debugging process stopped ---
  scene/gui/control.cpp:1440 - Nodes with non-equal opposite anchors will have their size overridden after _ready(). 
  If you want to set size, change the anchors or consider using set_deferred().
  scene/gui/control.cpp:1440 - Nodes with non-equal opposite anchors will have their size overridden after _ready(). 
  If you want to set size, change the anchors or consider using set_deferred().
Start:<Node2D#9377373294709>
Start:<Node2D#9377373294709>
Start:<Node2D#9377373294709>
Start:<Node2D#9377373294709>
Start:<Node2D#9377373294709>
Start:<Node2D#9377373294709>
Start:<Node2D#9377373294709>
Start:<Node2D#9377373294709>
Start:<Node2D#9377373294709>
Start:<Node2D#9377373294709>
Start:<Node2D#9377373294709>
Start:<Node2D#9377373294709>
Start:<Node2D#9377373294709>
Start:<Node2D#9377373294709>
Start:<Node2D#9377373294709>
Start:<Node2D#9377373294709>
Start:<Node2D#9377373294709>
Start:<Node2D#9377373294709>
Start:<Node2D#9377373294709>
Start:<Node2D#9377373294709>
Start:<Node2D#9377373294709>
Start:<Node2D#9377373294709>
Start:<Node2D#9377373294709>
Start:<Node2D#9377373294709>
Start:<Node2D#9377373294709>
Start:<Node2D#9377373294709>
Start:<Node2D#9377373294709>
Start:<Node2D#9377373294709>
Start:<Node2D#9377373294709>
Start:<Node2D#9377373294709>
Chest:<Area2D#9693271490133>
Chest:<Area2D#9693271490133>
Chest:<Area2D#9693271490133>
Chest:<Area2D#9693271490133>
Chest:<Area2D#9693271490133>
Chest:<Area2D#9693271490133>
Chest:<Area2D#9693271490133>
Chest:<Area2D#9693271490133>
Chest:<Area2D#9693271490133>
Chest:<Area2D#9693271490133>
Chest:<Area2D#9693271490133>
Chest:<Area2D#9693271490133>
Chest:<Area2D#9693271490133>
Chest:<Area2D#9693271490133>
Chest:<Area2D#9693271490133>
Chest:<Area2D#9693271490133>
Chest:<Area2D#9693271490133>
Chest:<Area2D#9693271490133>
Chest:<Area2D#9693271490133>
Chest:<Area2D#9693271490133>
Chest:<Area2D#9693271490133>
Chest:<Area2D#9693271490133>
Chest:<Area2D#9693271490133>
Chest:<Area2D#9693271490133>
Chest:<Area2D#9693271490133>
Chest:<Area2D#9693271490133>
Chest:<Area2D#9693271490133>
Chest:<Area2D#9693271490133>
Chest:<Area2D#9693271490133>
Chest:<Area2D#9693271490133>
Chest:<Area2D#9693271490133>
Chest:<Area2D#9693271490133>
Chest:<Area2D#9693271490133>
Chest:<Area2D#9693271490133>
Chest:<Area2D#9693271490133>
  scene/gui/control.cpp:1440 - Nodes with non-equal opposite anchors will have their size overridden after _ready(). 
  If you want to set size, change the anchors or consider using set_deferred().
  scene/gui/control.cpp:1440 - Nodes with non-equal opposite anchors will have their size overridden after _ready(). 
  If you want to set size, change the anchors or consider using set_deferred().
  scene/gui/control.cpp:1440 - Nodes with non-equal opposite anchors will have their size overridden after _ready(). 
  If you want to set size, change the anchors or consider using set_deferred().
  scene/gui/control.cpp:1440 - Nodes with non-equal opposite anchors will have their size overridden after _ready(). 
  If you want to set size, change the anchors or consider using set_deferred().
  scene/gui/control.cpp:1440 - Nodes with non-equal opposite anchors will have their size overridden after _ready(). 
  If you want to set size, change the anchors or consider using set_deferred().
  scene/gui/control.cpp:1440 - Nodes with non-equal opposite anchors will have their size overridden after _ready(). 
  If you want to set size, change the anchors or consider using set_deferred().
  scene/gui/control.cpp:1440 - Nodes with non-equal opposite anchors will have their size overridden after _ready(). 
  If you want to set size, change the anchors or consider using set_deferred().
  scene/gui/control.cpp:1440 - Nodes with non-equal opposite anchors will have their size overridden after _ready(). 
  If you want to set size, change the anchors or consider using set_deferred().

2024-03-01T23:22:43:INFO: [step_commands: 18]
Godot Engine v4.2.stable.official.46dc27791 - https://godotengine.org
OpenGL API OpenGL ES 3.0.0 (ANGLE 2.1.21969 git hash: 9528449a8930) - Compatibility - Using Device: Google Inc. (Apple) - ANGLE (Apple, ANGLE Metal Renderer: Apple M1, Version 13.5.1 (Build 22G90))
 
--- Debugging process stopped ---

